{
  "RSpec": {
    "coverage": {
      "/Users/anthonydemorais/Creative Cloud Files/supinternet/Ruby/ruby/simruby-rails/gazooyr/app/models/user.rb": [
        1,
        null,
        null,
        1,
        null,
        1,
        null,
        1,
        1,
        null,
        1,
        0,
        null,
        null,
        null
      ],
      "/Users/anthonydemorais/Creative Cloud Files/supinternet/Ruby/ruby/simruby-rails/gazooyr/app/models/application_record.rb": [
        1,
        1,
        null
      ],
      "/Users/anthonydemorais/Creative Cloud Files/supinternet/Ruby/ruby/simruby-rails/gazooyr/app/helpers/application_helper.rb": [
        1,
        null
      ],
      "/Users/anthonydemorais/Creative Cloud Files/supinternet/Ruby/ruby/simruby-rails/gazooyr/app/helpers/comments_helper.rb": [
        1,
        null
      ],
      "/Users/anthonydemorais/Creative Cloud Files/supinternet/Ruby/ruby/simruby-rails/gazooyr/app/helpers/follower_links_helper.rb": [
        1,
        null
      ],
      "/Users/anthonydemorais/Creative Cloud Files/supinternet/Ruby/ruby/simruby-rails/gazooyr/app/helpers/gazooys_helper.rb": [
        1,
        null
      ],
      "/Users/anthonydemorais/Creative Cloud Files/supinternet/Ruby/ruby/simruby-rails/gazooyr/app/helpers/hash_tags_helper.rb": [
        1,
        null
      ],
      "/Users/anthonydemorais/Creative Cloud Files/supinternet/Ruby/ruby/simruby-rails/gazooyr/app/helpers/news_helper.rb": [
        1,
        null
      ],
      "/Users/anthonydemorais/Creative Cloud Files/supinternet/Ruby/ruby/simruby-rails/gazooyr/app/helpers/pages_helper.rb": [
        1,
        null
      ],
      "/Users/anthonydemorais/Creative Cloud Files/supinternet/Ruby/ruby/simruby-rails/gazooyr/app/helpers/profiles_helper.rb": [
        1,
        null
      ],
      "/Users/anthonydemorais/Creative Cloud Files/supinternet/Ruby/ruby/simruby-rails/gazooyr/app/models/page.rb": [
        1,
        1,
        10,
        null,
        null
      ],
      "/Users/anthonydemorais/Creative Cloud Files/supinternet/Ruby/ruby/simruby-rails/gazooyr/app/controllers/pages_controller.rb": [
        1,
        1,
        1,
        null,
        null,
        null,
        1,
        0,
        null,
        null,
        null,
        null,
        1,
        4,
        null,
        null,
        null,
        1,
        2,
        null,
        null,
        null,
        1,
        2,
        null,
        null,
        null,
        null,
        1,
        1,
        null,
        1,
        1,
        1,
        0,
        0,
        null,
        2,
        1,
        null,
        null,
        0,
        0,
        null,
        null,
        null,
        null,
        null,
        null,
        1,
        1,
        1,
        2,
        1,
        null,
        0,
        0,
        null,
        null,
        null,
        null,
        null,
        null,
        1,
        0,
        0,
        0,
        0,
        null,
        null,
        null,
        1,
        null,
        1,
        8,
        8,
        null,
        0,
        null,
        null,
        null,
        null,
        1,
        2,
        null,
        null
      ],
      "/Users/anthonydemorais/Creative Cloud Files/supinternet/Ruby/ruby/simruby-rails/gazooyr/app/controllers/application_controller.rb": [
        1,
        1,
        null,
        1,
        null,
        1,
        10,
        10,
        10,
        null,
        null
      ],
      "/Users/anthonydemorais/Creative Cloud Files/supinternet/Ruby/ruby/simruby-rails/gazooyr/app/controllers/welcome_controller.rb": [
        1,
        1,
        6,
        6,
        null,
        null
      ],
      "/Users/anthonydemorais/Creative Cloud Files/supinternet/Ruby/ruby/simruby-rails/gazooyr/app/models/gazooy.rb": [
        1,
        1,
        1,
        null
      ],
      "/Users/anthonydemorais/Creative Cloud Files/supinternet/Ruby/ruby/simruby-rails/gazooyr/app/uploaders/avatar_uploader.rb": [
        0,
        null,
        0,
        null,
        null,
        0,
        null,
        null,
        null,
        null,
        0,
        0,
        0,
        null,
        null,
        null,
        null,
        null,
        null,
        null,
        null,
        null,
        null,
        null,
        null,
        null,
        null,
        null,
        null,
        null,
        null,
        null,
        null,
        null,
        0,
        null,
        0,
        0,
        0,
        null,
        null,
        null,
        null,
        null,
        null,
        null,
        null,
        null,
        null,
        null,
        null,
        0
      ],
      "/Users/anthonydemorais/Creative Cloud Files/supinternet/Ruby/ruby/simruby-rails/gazooyr/app/mailers/application_mailer.rb": [
        0,
        0,
        0,
        0
      ],
      "/Users/anthonydemorais/Creative Cloud Files/supinternet/Ruby/ruby/simruby-rails/gazooyr/app/models/news.rb": [
        0,
        0,
        0,
        0,
        0,
        0,
        0,
        0,
        0
      ],
      "/Users/anthonydemorais/Creative Cloud Files/supinternet/Ruby/ruby/simruby-rails/gazooyr/app/models/hash_tag.rb": [
        0,
        0
      ],
      "/Users/anthonydemorais/Creative Cloud Files/supinternet/Ruby/ruby/simruby-rails/gazooyr/app/models/follower_link.rb": [
        0,
        0
      ],
      "/Users/anthonydemorais/Creative Cloud Files/supinternet/Ruby/ruby/simruby-rails/gazooyr/app/models/profile.rb": [
        0,
        0,
        0,
        0
      ],
      "/Users/anthonydemorais/Creative Cloud Files/supinternet/Ruby/ruby/simruby-rails/gazooyr/app/models/comment.rb": [
        0,
        0
      ],
      "/Users/anthonydemorais/Creative Cloud Files/supinternet/Ruby/ruby/simruby-rails/gazooyr/app/jobs/application_job.rb": [
        0,
        0
      ],
      "/Users/anthonydemorais/Creative Cloud Files/supinternet/Ruby/ruby/simruby-rails/gazooyr/app/controllers/news_controller.rb": [
        0,
        0,
        0,
        null,
        null,
        null,
        0,
        0,
        0,
        null,
        null,
        null,
        0,
        0,
        0,
        0,
        0,
        null,
        null,
        0,
        0,
        0,
        null,
        null,
        0,
        0,
        null,
        null,
        null,
        0,
        0,
        null,
        0,
        0,
        0,
        0,
        0,
        0,
        0,
        0,
        0,
        0,
        null,
        null,
        null,
        0,
        0,
        0,
        0,
        0,
        0,
        0,
        0,
        0,
        0,
        0,
        null,
        null,
        null,
        0,
        0,
        0,
        0,
        0,
        0,
        0,
        null,
        0,
        null,
        0,
        0,
        0,
        null,
        null,
        0,
        0,
        0,
        0
      ],
      "/Users/anthonydemorais/Creative Cloud Files/supinternet/Ruby/ruby/simruby-rails/gazooyr/app/controllers/hash_tags_controller.rb": [
        0,
        0,
        null,
        null,
        null,
        0,
        0,
        0,
        null,
        null,
        null,
        0,
        0,
        null,
        null,
        0,
        0,
        0,
        null,
        null,
        0,
        0,
        null,
        null,
        null,
        0,
        0,
        null,
        0,
        0,
        0,
        0,
        0,
        0,
        0,
        0,
        0,
        0,
        null,
        null,
        null,
        0,
        0,
        0,
        0,
        0,
        0,
        0,
        0,
        0,
        0,
        0,
        null,
        null,
        null,
        0,
        0,
        0,
        0,
        0,
        0,
        0,
        null,
        0,
        null,
        0,
        0,
        0,
        null,
        null,
        0,
        0,
        0,
        0
      ],
      "/Users/anthonydemorais/Creative Cloud Files/supinternet/Ruby/ruby/simruby-rails/gazooyr/app/controllers/comments_controller.rb": [
        0,
        0,
        null,
        null,
        null,
        0,
        0,
        0,
        null,
        null,
        null,
        0,
        0,
        null,
        null,
        0,
        0,
        0,
        null,
        null,
        0,
        0,
        null,
        null,
        null,
        0,
        0,
        0,
        0,
        0,
        null,
        null,
        null,
        0,
        0,
        0,
        0,
        null,
        null,
        null,
        0,
        0,
        0,
        0,
        0,
        0,
        0,
        null,
        0,
        null,
        0,
        0,
        0,
        null,
        null,
        0,
        0,
        0,
        0
      ],
      "/Users/anthonydemorais/Creative Cloud Files/supinternet/Ruby/ruby/simruby-rails/gazooyr/app/controllers/profiles_controller.rb": [
        0,
        0,
        0,
        null,
        null,
        null,
        0,
        0,
        0,
        null,
        null,
        null,
        0,
        0,
        0,
        0,
        0,
        0,
        0,
        0,
        null,
        null,
        0,
        0,
        0,
        null,
        null,
        0,
        0,
        0,
        0,
        0,
        0,
        0,
        0,
        null,
        null,
        null,
        0,
        0,
        null,
        0,
        0,
        0,
        0,
        0,
        0,
        0,
        0,
        0,
        0,
        null,
        null,
        null,
        0,
        0,
        0,
        0,
        0,
        0,
        0,
        0,
        0,
        0,
        0,
        null,
        null,
        null,
        0,
        0,
        0,
        0,
        0,
        0,
        0,
        null,
        0,
        null,
        0,
        0,
        0,
        0,
        0,
        0,
        0,
        null,
        null,
        0,
        0,
        0,
        0
      ],
      "/Users/anthonydemorais/Creative Cloud Files/supinternet/Ruby/ruby/simruby-rails/gazooyr/app/controllers/follower_links_controller.rb": [
        0,
        0,
        null,
        null,
        null,
        0,
        0,
        0,
        null,
        null,
        null,
        0,
        0,
        null,
        null,
        0,
        0,
        0,
        null,
        null,
        0,
        0,
        null,
        null,
        null,
        0,
        0,
        null,
        0,
        0,
        0,
        0,
        0,
        0,
        0,
        0,
        0,
        0,
        null,
        null,
        null,
        0,
        0,
        0,
        0,
        0,
        0,
        0,
        0,
        0,
        0,
        0,
        null,
        null,
        null,
        0,
        0,
        0,
        0,
        0,
        0,
        0,
        null,
        0,
        null,
        0,
        0,
        0,
        null,
        null,
        0,
        0,
        0,
        0
      ],
      "/Users/anthonydemorais/Creative Cloud Files/supinternet/Ruby/ruby/simruby-rails/gazooyr/app/controllers/users/registrations_controller.rb": [
        null,
        null,
        0,
        null,
        null,
        null,
        null,
        null,
        null,
        null,
        null,
        null,
        null,
        null,
        null,
        null,
        null,
        null,
        null,
        null,
        null,
        null,
        null,
        null,
        null,
        null,
        null,
        null,
        null,
        null,
        null,
        null,
        null,
        null,
        null,
        null,
        null,
        null,
        null,
        null,
        null,
        null,
        null,
        null,
        null,
        null,
        null,
        null,
        null,
        null,
        null,
        null,
        null,
        null,
        null,
        null,
        0
      ],
      "/Users/anthonydemorais/Creative Cloud Files/supinternet/Ruby/ruby/simruby-rails/gazooyr/app/controllers/gazooys_controller.rb": [
        0,
        0,
        0,
        null,
        null,
        0,
        0,
        0,
        null,
        null,
        null,
        0,
        0,
        0,
        null,
        null,
        0,
        0,
        0,
        null,
        null,
        0,
        0,
        null,
        null,
        null,
        0,
        0,
        0,
        null,
        0,
        0,
        0,
        0,
        0,
        0,
        0,
        0,
        0,
        0,
        null,
        null,
        null,
        0,
        0,
        0,
        0,
        0,
        0,
        0,
        0,
        0,
        0,
        0,
        null,
        null,
        null,
        0,
        0,
        0,
        0,
        0,
        0,
        0,
        null,
        0,
        null,
        0,
        0,
        0,
        null,
        null,
        0,
        0,
        0,
        0
      ],
      "/Users/anthonydemorais/Creative Cloud Files/supinternet/Ruby/ruby/simruby-rails/gazooyr/app/channels/application_cable/connection.rb": [
        0,
        0,
        0,
        0
      ],
      "/Users/anthonydemorais/Creative Cloud Files/supinternet/Ruby/ruby/simruby-rails/gazooyr/app/channels/application_cable/channel.rb": [
        0,
        0,
        0,
        0
      ]
    },
    "timestamp": 1554187754
  }
}
